info it worked if it ends with ok
verbose cli [ 'node', '/usr/bin/npm', 'test' ]
info using npm@1.1.4
info using node@v0.6.12
verbose config file /home/luobo/.npmrc
verbose config file /usr/etc/npmrc
verbose config file /usr/share/npm/npmrc
verbose caching /home/code/cla/puer/package.json
verbose loadDefaults puer@0.0.1
verbose run-script [ 'pretest', 'test', 'posttest' ]
info pretest puer@0.0.1
info test puer@0.0.1
verbose unsafe-perm in lifecycle true
silly exec sh "-c" "node setup.js test"
silly spawning [ 'sh', [ '-c', 'node setup.js test' ], '/home/code/cla/puer' ]
info puer@0.0.1 Failed to exec test script
ERR! puer@0.0.1 test: `node setup.js test`
ERR! `sh "-c" "node setup.js test"` failed with 1
ERR! 
ERR! Failed at the puer@0.0.1 test script.
ERR! This is most likely a problem with the puer package,
ERR! not with npm itself.
ERR! Tell the author that this fails on your system:
ERR!     node setup.js test
ERR! You can get their info via:
ERR!     npm owner ls puer
ERR! There is likely additional logging output above.
ERR! 
ERR! System Linux 3.2.0-27-generic
ERR! command "node" "/usr/bin/npm" "test"
ERR! cwd /home/code/cla/puer
ERR! node -v v0.6.12
ERR! npm -v 1.1.4
ERR! code ELIFECYCLE
ERR! message puer@0.0.1 test: `node setup.js test`
ERR! message `sh "-c" "node setup.js test"` failed with 1
ERR! errno {}
verbose exit [ 1, true ]
